*** Using Compiler 'V5.06 update 7 (build 960)', folder: 'C:\Keil_v5\ARM\ARMCC\Bin'
Build target 'STM32ZET6_CAR'
compiling stm32f1xx_it.c...
../Users/Grayscale/Grayscale.h(7): warning:  #1295-D: Deprecated declaration Grayscale_Read_Err - give arg types
  int32_t Grayscale_Read_Err();
../Core/Src/stm32f1xx_it.c: 1 warning, 0 errors
compiling main.c...
../Users/Grayscale/Grayscale.h(7): warning:  #1295-D: Deprecated declaration Grayscale_Read_Err - give arg types
  int32_t Grayscale_Read_Err();
../Core/Src/main.c: 1 warning, 0 errors
compiling usart_3.c...
..\Users\USART\usart_3.c(67): warning:  #167-D: argument of type "uint8_t *" is incompatible with parameter of type "const char *"
      cJSON *root = cJSON_Parse(RxBuffer_3);
..\Users\USART\usart_3.c: 1 warning, 0 errors
compiling serial_it_config.c...
../Users/Grayscale/Grayscale.h(7): warning:  #1295-D: Deprecated declaration Grayscale_Read_Err - give arg types
  int32_t Grayscale_Read_Err();
..\Users\USART\serial_it_config.c(22): warning:  #223-D: function "USART2_Init" declared implicitly
      USART2_Init();
..\Users\USART\serial_it_config.c(24): warning:  #223-D: function "USART3_Init" declared implicitly
      USART3_Init();
..\Users\USART\serial_it_config.c: 3 warnings, 0 errors
compiling usart_2.c...
../Users/Grayscale/Grayscale.h(7): warning:  #1295-D: Deprecated declaration Grayscale_Read_Err - give arg types
  int32_t Grayscale_Read_Err();
..\Users\USART\usart_2.c(41): warning:  #870-D: invalid multibyte character sequence
    DEBUG_info("ÂõûË∞ÉÂáΩÊï∞","ÂèÇÊï∞Ôº?%d",dr);
..\Users\USART\usart_2.c: 2 warnings, 0 errors
compiling app.c...
../Users/Grayscale/Grayscale.h(7): warning:  #1295-D: Deprecated declaration Grayscale_Read_Err - give arg types
  int32_t Grayscale_Read_Err();
..\Users\APP\app.c: 1 warning, 0 errors
compiling protocol.c...
../Users/Grayscale/Grayscale.h(7): warning:  #1295-D: Deprecated declaration Grayscale_Read_Err - give arg types
  int32_t Grayscale_Read_Err();
..\Users\Protocol\protocol.c: 1 warning, 0 errors
linking...
Program Size: Code=19834 RO-data=1962 RW-data=128 ZI-data=2776  
FromELF: creating hex file...
"..\Output\STM32ZET6_CAR.axf" - 0 Error(s), 10 Warning(s).
Build Time Elapsed:  00:00:06
